######  Start test generation  /data/swf/defects4j/framework/bin/gen_tests.pl: 2023-07-29 11:54:43  ######
Mode: regression
Parameters:
 -g evosuite
 -p JacksonDatabind
 -v 24b
 -n 2400
 -b 180
 -c /data/swf/defects4j/framework/projects/JacksonDatabind/modified_classes/24.src
 -s 2024
Test generator (evosuite) did not generate any tests!
######  End test generation  /data/swf/defects4j/framework/bin/gen_tests.pl: 2023-07-29 11:54:50  ######
######  Start test generation  /data/swf/defects4j/framework/bin/gen_tests.pl: 2023-07-29 11:54:59  ######
Mode: regression
Parameters:
 -g evosuite
 -p JacksonDatabind
 -v 24b
 -n 2400
 -b 180
 -c /data/swf/defects4j/framework/projects/JacksonDatabind/modified_classes/24.src
 -s 2024
Created test suite archive: JacksonDatabind-24b-evosuite.2400.tar.bz2
Moved test suite archive to output directory: data/evosuite_buggy_regression_all/2/generated/JacksonDatabind/evosuite/2400
######  End test generation  /data/swf/defects4j/framework/bin/gen_tests.pl: 2023-07-29 11:56:44  ######
