######  Start test generation  /data/swf/defects4j/framework/bin/gen_tests.pl: 2023-07-11 19:50:03  ######
Mode: regression
Parameters:
 -g evosuite
 -p Gson
 -v 8b
 -n 800
 -b 180
 -c /data/swf/defects4j/framework/projects/Gson/modified_classes/8.src
 -s 5008
Test generator (evosuite) did not generate any tests!
######  End test generation  /data/swf/defects4j/framework/bin/gen_tests.pl: 2023-07-11 19:50:09  ######
######  Start test generation  /data/swf/defects4j/framework/bin/gen_tests.pl: 2023-07-11 19:50:12  ######
Mode: regression
Parameters:
 -g evosuite
 -p Gson
 -v 8b
 -n 800
 -b 180
 -c /data/swf/defects4j/framework/projects/Gson/modified_classes/8.src
 -s 5008
Test generator (evosuite) did not generate any tests!
######  End test generation  /data/swf/defects4j/framework/bin/gen_tests.pl: 2023-07-11 19:50:18  ######
