######  Start test generation  /data/swf/defects4j/framework/bin/gen_tests.pl: 2023-07-11 20:35:22  ######
Mode: regression
Parameters:
 -g evosuite
 -p Jsoup
 -v 81b
 -n 8100
 -b 180
 -c /data/swf/defects4j/framework/projects/Jsoup/modified_classes/81.src
 -s 5081
Test generator (evosuite) did not generate any tests!
######  End test generation  /data/swf/defects4j/framework/bin/gen_tests.pl: 2023-07-11 20:44:43  ######
######  Start test generation  /data/swf/defects4j/framework/bin/gen_tests.pl: 2023-07-11 20:44:51  ######
Mode: regression
Parameters:
 -g evosuite
 -p Jsoup
 -v 81b
 -n 8100
 -b 180
 -c /data/swf/defects4j/framework/projects/Jsoup/modified_classes/81.src
 -s 5081
Created test suite archive: Jsoup-81b-evosuite.8100.tar.bz2
Moved test suite archive to output directory: data/evosuite_buggy_regression_all/5/generated/Jsoup/evosuite/8100
######  End test generation  /data/swf/defects4j/framework/bin/gen_tests.pl: 2023-07-11 20:46:37  ######
