######  Start test generation  /data/lhy/defects4j/framework/bin/gen_tests.pl: 2023-09-26 05:58:12  ######
Mode: regression
Parameters:
 -g evosuite
 -p Chart
 -v 25b
 -n 2500
 -b 180
 -c /data/lhy/defects4j/framework/projects/Chart/modified_classes/25.src
 -s 2025
Test generator (evosuite) did not generate any tests!
######  End test generation  /data/lhy/defects4j/framework/bin/gen_tests.pl: 2023-09-26 05:59:46  ######
######  Start test generation  /data/lhy/defects4j/framework/bin/gen_tests.pl: 2023-09-26 05:59:53  ######
Mode: regression
Parameters:
 -g evosuite
 -p Chart
 -v 25b
 -n 2500
 -b 180
 -c /data/lhy/defects4j/framework/projects/Chart/modified_classes/25.src
 -s 2025
Created test suite archive: Chart-25b-evosuite.2500.tar.bz2
Moved test suite archive to output directory: data/evosuite_buggy_regression_all/2/generated/Chart/evosuite/2500
######  End test generation  /data/lhy/defects4j/framework/bin/gen_tests.pl: 2023-09-26 06:01:36  ######
