######  Start test generation  /data/lhy/defects4j/framework/bin/gen_tests.pl: 2023-09-26 06:13:11  ######
Mode: regression
Parameters:
 -g evosuite
 -p Closure
 -v 117b
 -n 11700
 -b 180
 -c /data/lhy/defects4j/framework/projects/Closure/modified_classes/117.src
 -s 2117
Test generator (evosuite) did not generate any tests!
######  End test generation  /data/lhy/defects4j/framework/bin/gen_tests.pl: 2023-09-26 06:18:49  ######
######  Start test generation  /data/lhy/defects4j/framework/bin/gen_tests.pl: 2023-09-26 06:19:00  ######
Mode: regression
Parameters:
 -g evosuite
 -p Closure
 -v 117b
 -n 11700
 -b 180
 -c /data/lhy/defects4j/framework/projects/Closure/modified_classes/117.src
 -s 2117
Created test suite archive: Closure-117b-evosuite.11700.tar.bz2
Moved test suite archive to output directory: data/evosuite_buggy_regression_all/2/generated/Closure/evosuite/11700
######  End test generation  /data/lhy/defects4j/framework/bin/gen_tests.pl: 2023-09-26 06:20:50  ######
