######  Start test generation  /data/lhy/defects4j/framework/bin/gen_tests.pl: 2023-09-26 06:21:31  ######
Mode: regression
Parameters:
 -g evosuite
 -p Collections
 -v 25b
 -n 2500
 -b 180
 -c /data/lhy/defects4j/framework/projects/Collections/modified_classes/25.src
 -s 2025
Test generator (evosuite) did not generate any tests!
######  End test generation  /data/lhy/defects4j/framework/bin/gen_tests.pl: 2023-09-26 06:22:12  ######
######  Start test generation  /data/lhy/defects4j/framework/bin/gen_tests.pl: 2023-09-26 06:22:19  ######
Mode: regression
Parameters:
 -g evosuite
 -p Collections
 -v 25b
 -n 2500
 -b 180
 -c /data/lhy/defects4j/framework/projects/Collections/modified_classes/25.src
 -s 2025
Test generator (evosuite) did not generate any tests!
######  End test generation  /data/lhy/defects4j/framework/bin/gen_tests.pl: 2023-09-26 06:22:57  ######
