######  Start test generation  /data/lhy/defects4j/framework/bin/gen_tests.pl: 2023-09-26 06:31:54  ######
Mode: regression
Parameters:
 -g evosuite
 -p JacksonDatabind
 -v 12b
 -n 1200
 -b 180
 -c /data/lhy/defects4j/framework/projects/JacksonDatabind/modified_classes/12.src
 -s 2012
Test generator (evosuite) did not generate any tests!
######  End test generation  /data/lhy/defects4j/framework/bin/gen_tests.pl: 2023-09-26 06:39:57  ######
######  Start test generation  /data/lhy/defects4j/framework/bin/gen_tests.pl: 2023-09-26 06:40:05  ######
Mode: regression
Parameters:
 -g evosuite
 -p JacksonDatabind
 -v 12b
 -n 1200
 -b 180
 -c /data/lhy/defects4j/framework/projects/JacksonDatabind/modified_classes/12.src
 -s 2012
Test generator (evosuite) did not generate any tests!
######  End test generation  /data/lhy/defects4j/framework/bin/gen_tests.pl: 2023-09-26 06:48:10  ######
