######  Start test generation  /data/lhy/defects4j/framework/bin/gen_tests.pl: 2023-09-26 06:31:25  ######
Mode: regression
Parameters:
 -g evosuite
 -p JacksonDatabind
 -v 7b
 -n 700
 -b 180
 -c /data/lhy/defects4j/framework/projects/JacksonDatabind/modified_classes/7.src
 -s 2007
Test generator (evosuite) did not generate any tests!
######  End test generation  /data/lhy/defects4j/framework/bin/gen_tests.pl: 2023-09-26 06:39:28  ######
######  Start test generation  /data/lhy/defects4j/framework/bin/gen_tests.pl: 2023-09-26 06:39:33  ######
Mode: regression
Parameters:
 -g evosuite
 -p JacksonDatabind
 -v 7b
 -n 700
 -b 180
 -c /data/lhy/defects4j/framework/projects/JacksonDatabind/modified_classes/7.src
 -s 2007
Created test suite archive: JacksonDatabind-7b-evosuite.700.tar.bz2
Moved test suite archive to output directory: data/evosuite_buggy_regression_all/2/generated/JacksonDatabind/evosuite/700
######  End test generation  /data/lhy/defects4j/framework/bin/gen_tests.pl: 2023-09-26 06:44:13  ######
