######  Start test generation  /data/lhy/defects4j/framework/bin/gen_tests.pl: 2023-09-26 07:42:47  ######
Mode: regression
Parameters:
 -g evosuite
 -p Collections
 -v 25b
 -n 2500
 -b 180
 -c /data/lhy/defects4j/framework/projects/Collections/modified_classes/25.src
 -s 3025
Test generator (evosuite) did not generate any tests!
######  End test generation  /data/lhy/defects4j/framework/bin/gen_tests.pl: 2023-09-26 07:43:35  ######
######  Start test generation  /data/lhy/defects4j/framework/bin/gen_tests.pl: 2023-09-26 07:43:46  ######
Mode: regression
Parameters:
 -g evosuite
 -p Collections
 -v 25b
 -n 2500
 -b 180
 -c /data/lhy/defects4j/framework/projects/Collections/modified_classes/25.src
 -s 3025
Test generator (evosuite) did not generate any tests!
######  End test generation  /data/lhy/defects4j/framework/bin/gen_tests.pl: 2023-09-26 07:44:38  ######
