######  Start test generation  /data/lhy/defects4j/framework/bin/gen_tests.pl: 2023-09-26 07:49:20  ######
Mode: regression
Parameters:
 -g evosuite
 -p Gson
 -v 8b
 -n 800
 -b 180
 -c /data/lhy/defects4j/framework/projects/Gson/modified_classes/8.src
 -s 3008
Test generator (evosuite) did not generate any tests!
######  End test generation  /data/lhy/defects4j/framework/bin/gen_tests.pl: 2023-09-26 07:49:31  ######
######  Start test generation  /data/lhy/defects4j/framework/bin/gen_tests.pl: 2023-09-26 07:49:37  ######
Mode: regression
Parameters:
 -g evosuite
 -p Gson
 -v 8b
 -n 800
 -b 180
 -c /data/lhy/defects4j/framework/projects/Gson/modified_classes/8.src
 -s 3008
Test generator (evosuite) did not generate any tests!
######  End test generation  /data/lhy/defects4j/framework/bin/gen_tests.pl: 2023-09-26 07:49:48  ######
