######  Start test generation  /data/lhy/defects4j/framework/bin/gen_tests.pl: 2023-09-26 08:31:31  ######
Mode: regression
Parameters:
 -g evosuite
 -p Math
 -v 98b
 -n 9800
 -b 180
 -c /data/lhy/defects4j/framework/projects/Math/modified_classes/98.src
 -s 3098
Test generator (evosuite) did not generate any tests!
######  End test generation  /data/lhy/defects4j/framework/bin/gen_tests.pl: 2023-09-26 08:32:40  ######
######  Start test generation  /data/lhy/defects4j/framework/bin/gen_tests.pl: 2023-09-26 08:32:46  ######
Mode: regression
Parameters:
 -g evosuite
 -p Math
 -v 98b
 -n 9800
 -b 180
 -c /data/lhy/defects4j/framework/projects/Math/modified_classes/98.src
 -s 3098
Test generator (evosuite) did not generate any tests!
######  End test generation  /data/lhy/defects4j/framework/bin/gen_tests.pl: 2023-09-26 08:33:57  ######
