######  Start test generation  /data/swf/defects4j/framework/bin/gen_tests.pl: 2023-07-11 21:41:29  ######
Mode: regression
Parameters:
 -g evosuite
 -p Closure
 -v 17b
 -n 1700
 -b 180
 -c /data/swf/defects4j/framework/projects/Closure/modified_classes/17.src
 -s 6017
Test generator (evosuite) did not generate any tests!
######  End test generation  /data/swf/defects4j/framework/bin/gen_tests.pl: 2023-07-11 21:49:32  ######
######  Start test generation  /data/swf/defects4j/framework/bin/gen_tests.pl: 2023-07-11 21:49:42  ######
Mode: regression
Parameters:
 -g evosuite
 -p Closure
 -v 17b
 -n 1700
 -b 180
 -c /data/swf/defects4j/framework/projects/Closure/modified_classes/17.src
 -s 6017
Created test suite archive: Closure-17b-evosuite.1700.tar.bz2
Moved test suite archive to output directory: data/evosuite_buggy_regression_all/6/generated/Closure/evosuite/1700
######  End test generation  /data/swf/defects4j/framework/bin/gen_tests.pl: 2023-07-11 21:51:29  ######
