######  Start test generation  /data/swf/defects4j/framework/bin/gen_tests.pl: 2023-07-11 22:38:49  ######
Mode: regression
Parameters:
 -g evosuite
 -p JacksonDatabind
 -v 12b
 -n 1200
 -b 180
 -c /data/swf/defects4j/framework/projects/JacksonDatabind/modified_classes/12.src
 -s 6012
Test generator (evosuite) did not generate any tests!
######  End test generation  /data/swf/defects4j/framework/bin/gen_tests.pl: 2023-07-11 22:46:52  ######
######  Start test generation  /data/swf/defects4j/framework/bin/gen_tests.pl: 2023-07-11 22:46:56  ######
Mode: regression
Parameters:
 -g evosuite
 -p JacksonDatabind
 -v 12b
 -n 1200
 -b 180
 -c /data/swf/defects4j/framework/projects/JacksonDatabind/modified_classes/12.src
 -s 6012
Test generator (evosuite) did not generate any tests!
######  End test generation  /data/swf/defects4j/framework/bin/gen_tests.pl: 2023-07-11 22:54:59  ######
