######  Start test generation  /data/lhy/defects4j/framework/bin/gen_tests.pl: 2023-09-26 14:02:10  ######
Mode: regression
Parameters:
 -g evosuite
 -p Chart
 -v 26b
 -n 2600
 -b 180
 -c /data/lhy/defects4j/framework/projects/Chart/modified_classes/26.src
 -s 8026
Test generator (evosuite) did not generate any tests!
######  End test generation  /data/lhy/defects4j/framework/bin/gen_tests.pl: 2023-09-26 14:10:15  ######
######  Start test generation  /data/lhy/defects4j/framework/bin/gen_tests.pl: 2023-09-26 14:10:23  ######
Mode: regression
Parameters:
 -g evosuite
 -p Chart
 -v 26b
 -n 2600
 -b 180
 -c /data/lhy/defects4j/framework/projects/Chart/modified_classes/26.src
 -s 8026
Created test suite archive: Chart-26b-evosuite.2600.tar.bz2
Moved test suite archive to output directory: data/evosuite_buggy_regression_all/8/generated/Chart/evosuite/2600
######  End test generation  /data/lhy/defects4j/framework/bin/gen_tests.pl: 2023-09-26 14:16:53  ######
