######  Start test generation  /data/lhy/defects4j/framework/bin/gen_tests.pl: 2023-09-26 17:14:58  ######
Mode: regression
Parameters:
 -g evosuite
 -p Gson
 -v 8b
 -n 800
 -b 180
 -c /data/lhy/defects4j/framework/projects/Gson/modified_classes/8.src
 -s 10008
Test generator (evosuite) did not generate any tests!
######  End test generation  /data/lhy/defects4j/framework/bin/gen_tests.pl: 2023-09-26 17:15:04  ######
######  Start test generation  /data/lhy/defects4j/framework/bin/gen_tests.pl: 2023-09-26 17:15:07  ######
Mode: regression
Parameters:
 -g evosuite
 -p Gson
 -v 8b
 -n 800
 -b 180
 -c /data/lhy/defects4j/framework/projects/Gson/modified_classes/8.src
 -s 10008
Test generator (evosuite) did not generate any tests!
######  End test generation  /data/lhy/defects4j/framework/bin/gen_tests.pl: 2023-09-26 17:15:14  ######
