######  Start test generation  /data/lhy/defects4j/framework/bin/gen_tests.pl: 2023-09-26 17:19:26  ######
Mode: regression
Parameters:
 -g evosuite
 -p JacksonDatabind
 -v 12b
 -n 1200
 -b 180
 -c /data/lhy/defects4j/framework/projects/JacksonDatabind/modified_classes/12.src
 -s 10012
Test generator (evosuite) did not generate any tests!
######  End test generation  /data/lhy/defects4j/framework/bin/gen_tests.pl: 2023-09-26 17:27:28  ######
######  Start test generation  /data/lhy/defects4j/framework/bin/gen_tests.pl: 2023-09-26 17:27:34  ######
Mode: regression
Parameters:
 -g evosuite
 -p JacksonDatabind
 -v 12b
 -n 1200
 -b 180
 -c /data/lhy/defects4j/framework/projects/JacksonDatabind/modified_classes/12.src
 -s 10012
Created test suite archive: JacksonDatabind-12b-evosuite.1200.tar.bz2
Moved test suite archive to output directory: data/evosuite_buggy_regression_all/10/generated/JacksonDatabind/evosuite/1200
######  End test generation  /data/lhy/defects4j/framework/bin/gen_tests.pl: 2023-09-26 17:29:20  ######
